<?xml version="1.0" encoding="UTF-8"?>
<!-- Generated by org.testng.reporters.JUnitReportReporter -->
<testsuite skipped="0" hostname="VT10020" name="common.Common" tests="2" failures="0" timestamp="2022-06-02T23:39:39 IST" time="6.933" errors="0">
  <testcase name="login" time="0.403" classname="common.Common"/>
  <system-out/>
  <testcase name="launchBrowser" time="6.530" classname="common.Common"/>
  <system-out/>
</testsuite> <!-- common.Common -->
